#-----------------------------------------------------------
# Vivado v2020.2 (64-bit)
# SW Build 3064766 on Wed Nov 18 09:12:45 MST 2020
# IP Build 3064653 on Wed Nov 18 14:17:31 MST 2020
# Start of session at: Wed Oct  6 10:35:02 2021
# Process ID: 16480
# Current directory: C:/Users/TONY AYALA/OneDrive/College/Quinto_Semestre/Universidad/PracticasVivado/AU
# Command line: vivado.exe -gui_launcher_event rodinguilauncherevent17200 C:\Users\TONY AYALA\OneDrive\College\Quinto_Semestre\Universidad\PracticasVivado\AU\AU.xpr
# Log file: C:/Users/TONY AYALA/OneDrive/College/Quinto_Semestre/Universidad/PracticasVivado/AU/vivado.log
# Journal file: C:/Users/TONY AYALA/OneDrive/College/Quinto_Semestre/Universidad/PracticasVivado/AU\vivado.jou
#-----------------------------------------------------------
start_gui
open_project {C:/Users/TONY AYALA/OneDrive/College/Quinto_Semestre/Universidad/PracticasVivado/AU/AU.xpr}
INFO: [ProjectBase 1-489] The host OS only allows 260 characters in a normal path. The project is stored in a path with more than 80 characters. If you experience issues with IP, Block Designs, or files not being found, please consider moving the project to a location with a shorter path. Alternately consider using the OS subst command to map part of the path to a drive letter.
Current project path is 'C:/Users/TONY AYALA/OneDrive/College/Quinto_Semestre/Universidad/PracticasVivado/AU'
INFO: [Project 1-313] Project file moved from 'C:/Users/TONY AYALA/Desktop/PracticasVivado/AU' since last save.
WARNING: [filemgmt 56-2] Default IP Output Path : Could not find the directory 'C:/Users/TONY AYALA/OneDrive/College/Quinto_Semestre/Universidad/PracticasVivado/AU/AU.gen/sources_1', nor could it be found using path 'C:/Users/TONY AYALA/Desktop/PracticasVivado/AU/AU.gen/sources_1'.
Scanning sources...
Finished scanning sources
INFO: [IP_Flow 19-234] Refreshing IP repositories
INFO: [IP_Flow 19-1704] No user IP repositories specified
INFO: [IP_Flow 19-2313] Loaded Vivado IP repository 'F:/Programa_quitar_al_final_de_4/Vivado/2020.2/data/ip'.
open_project: Time (s): cpu = 00:00:18 ; elapsed = 00:00:26 . Memory (MB): peak = 1006.320 ; gain = 0.000
update_compile_order -fileset sources_1
launch_simulation
Command: launch_simulation 
INFO: [Vivado 12-5682] Launching behavioral simulation in 'C:/Users/TONY AYALA/OneDrive/College/Quinto_Semestre/Universidad/PracticasVivado/AU/AU.sim/sim_1/behav/xsim'
INFO: [SIM-utils-51] Simulation object is 'sim_1'
INFO: [SIM-utils-54] Inspecting design source files for 'ALU_tb' in fileset 'sim_1'...
INFO: [USF-XSim-97] Finding global include files...
INFO: [USF-XSim-98] Fetching design files from 'sim_1'...
INFO: [USF-XSim-2] XSim::Compile design
INFO: [USF-XSim-61] Executing 'COMPILE and ANALYZE' step in 'C:/Users/TONY AYALA/OneDrive/College/Quinto_Semestre/Universidad/PracticasVivado/AU/AU.sim/sim_1/behav/xsim'
"xvhdl --incr --relax -prj ALU_tb_vhdl.prj"
INFO: [VRFC 10-163] Analyzing VHDL file "C:/Users/TONY AYALA/OneDrive/College/Quinto_Semestre/Universidad/PracticasVivado/AU/AU.srcs/sources_1/new/ALU.vhd" into library xil_defaultlib
INFO: [VRFC 10-3107] analyzing entity 'ALU'
INFO: [VRFC 10-163] Analyzing VHDL file "C:/Users/TONY AYALA/OneDrive/College/Quinto_Semestre/Universidad/PracticasVivado/AU/AU.srcs/sim_1/new/TB_AU.vhd" into library xil_defaultlib
INFO: [VRFC 10-3107] analyzing entity 'ALU_tb'
run_program: Time (s): cpu = 00:00:01 ; elapsed = 00:00:06 . Memory (MB): peak = 1006.320 ; gain = 0.000
INFO: [USF-XSim-69] 'compile' step finished in '6' seconds
INFO: [USF-XSim-3] XSim::Elaborate design
INFO: [USF-XSim-61] Executing 'ELABORATE' step in 'C:/Users/TONY AYALA/OneDrive/College/Quinto_Semestre/Universidad/PracticasVivado/AU/AU.sim/sim_1/behav/xsim'
"xelab -wto 9eb5aa1b5b064c109b0d67141660dfe7 --incr --debug typical --relax --mt 2 -L xil_defaultlib -L secureip --snapshot ALU_tb_behav xil_defaultlib.ALU_tb -log elaborate.log"
Vivado Simulator 2020.2
Copyright 1986-1999, 2001-2020 Xilinx, Inc. All Rights Reserved.
Running: F:/Programa_quitar_al_final_de_4/Vivado/2020.2/bin/unwrapped/win64.o/xelab.exe -wto 9eb5aa1b5b064c109b0d67141660dfe7 --incr --debug typical --relax --mt 2 -L xil_defaultlib -L secureip --snapshot ALU_tb_behav xil_defaultlib.ALU_tb -log elaborate.log 
Using 2 slave threads.
Starting static elaboration
Completed static elaboration
Starting simulation data flow analysis
Completed simulation data flow analysis
Time Resolution for simulation is 1ps
Compiling package std.standard
Compiling package std.textio
Compiling package ieee.std_logic_1164
Compiling package ieee.numeric_std
Compiling architecture programa of entity xil_defaultlib.ALU [alu_default]
Compiling architecture bench of entity xil_defaultlib.alu_tb
Built simulation snapshot ALU_tb_behav
run_program: Time (s): cpu = 00:00:01 ; elapsed = 00:00:10 . Memory (MB): peak = 1006.320 ; gain = 0.000
INFO: [USF-XSim-69] 'elaborate' step finished in '10' seconds
INFO: [USF-XSim-4] XSim::Simulate design
INFO: [USF-XSim-61] Executing 'SIMULATE' step in 'C:/Users/TONY AYALA/OneDrive/College/Quinto_Semestre/Universidad/PracticasVivado/AU/AU.sim/sim_1/behav/xsim'
INFO: [USF-XSim-98] *** Running xsim
   with args "ALU_tb_behav -key {Behavioral:sim_1:Functional:ALU_tb} -tclbatch {ALU_tb.tcl} -log {simulate.log}"
INFO: [USF-XSim-8] Loading simulator feature
Vivado Simulator 2020.2
Time resolution is 1 ps
source ALU_tb.tcl
# set curr_wave [current_wave_config]
# if { [string length $curr_wave] == 0 } {
#   if { [llength [get_objects]] > 0} {
#     add_wave /
#     set_property needs_save false [current_wave_config]
#   } else {
#      send_msg_id Add_Wave-1 WARNING "No top level signals found. Simulator will start without a wave window. If you want to open a wave window go to 'File->New Waveform Configuration' or type 'create_wave_config' in the TCL console."
#   }
# }
# run 1000ns
INFO: [USF-XSim-96] XSim completed. Design snapshot 'ALU_tb_behav' loaded.
INFO: [USF-XSim-97] XSim simulation ran for 1000ns
launch_simulation: Time (s): cpu = 00:00:10 ; elapsed = 00:00:24 . Memory (MB): peak = 1006.320 ; gain = 0.000
close_sim
INFO: [Simtcl 6-16] Simulation closed
exit
